Determining size of off64_t failed with the following output:
Change Dir: /Users/kalomidin/Desktop/raft_example/raft_example/target/rls/debug/build/grpcio-sys-083b3737ce90077a/out/build/CMakeFiles/CMakeTmp

Run Build Command(s):/usr/bin/make cmTC_6d802/fast && /Library/Developer/CommandLineTools/usr/bin/make -f CMakeFiles/cmTC_6d802.dir/build.make CMakeFiles/cmTC_6d802.dir/build
Building C object CMakeFiles/cmTC_6d802.dir/OFF64_T.c.o
/usr/bin/cc -DHAVE_STDDEF_H -DHAVE_STDINT_H -DHAVE_SYS_TYPES_H -D_LARGEFILE64_SOURCE=1  -ffunction-sections -fdata-sections -fPIC -m64  -isysroot /Library/Developer/CommandLineTools/SDKs/MacOSX10.15.sdk -fPIE   -o CMakeFiles/cmTC_6d802.dir/OFF64_T.c.o   -c /Users/kalomidin/Desktop/raft_example/raft_example/target/rls/debug/build/grpcio-sys-083b3737ce90077a/out/build/CMakeFiles/CheckTypeSize/OFF64_T.c
/Users/kalomidin/Desktop/raft_example/raft_example/target/rls/debug/build/grpcio-sys-083b3737ce90077a/out/build/CMakeFiles/CheckTypeSize/OFF64_T.c:25:12: error: use of undeclared identifier 'off64_t'
  ('0' + ((SIZE / 10000)%10)),
           ^
/Users/kalomidin/Desktop/raft_example/raft_example/target/rls/debug/build/grpcio-sys-083b3737ce90077a/out/build/CMakeFiles/CheckTypeSize/OFF64_T.c:23:22: note: expanded from macro 'SIZE'
#define SIZE (sizeof(off64_t))
                     ^
/Users/kalomidin/Desktop/raft_example/raft_example/target/rls/debug/build/grpcio-sys-083b3737ce90077a/out/build/CMakeFiles/CheckTypeSize/OFF64_T.c:26:12: error: use of undeclared identifier 'off64_t'
  ('0' + ((SIZE / 1000)%10)),
           ^
/Users/kalomidin/Desktop/raft_example/raft_example/target/rls/debug/build/grpcio-sys-083b3737ce90077a/out/build/CMakeFiles/CheckTypeSize/OFF64_T.c:23:22: note: expanded from macro 'SIZE'
#define SIZE (sizeof(off64_t))
                     ^
/Users/kalomidin/Desktop/raft_example/raft_example/target/rls/debug/build/grpcio-sys-083b3737ce90077a/out/build/CMakeFiles/CheckTypeSize/OFF64_T.c:27:12: error: use of undeclared identifier 'off64_t'
  ('0' + ((SIZE / 100)%10)),
           ^
/Users/kalomidin/Desktop/raft_example/raft_example/target/rls/debug/build/grpcio-sys-083b3737ce90077a/out/build/CMakeFiles/CheckTypeSize/OFF64_T.c:23:22: note: expanded from macro 'SIZE'
#define SIZE (sizeof(off64_t))
                     ^
/Users/kalomidin/Desktop/raft_example/raft_example/target/rls/debug/build/grpcio-sys-083b3737ce90077a/out/build/CMakeFiles/CheckTypeSize/OFF64_T.c:28:12: error: use of undeclared identifier 'off64_t'
  ('0' + ((SIZE / 10)%10)),
           ^
/Users/kalomidin/Desktop/raft_example/raft_example/target/rls/debug/build/grpcio-sys-083b3737ce90077a/out/build/CMakeFiles/CheckTypeSize/OFF64_T.c:23:22: note: expanded from macro 'SIZE'
#define SIZE (sizeof(off64_t))
                     ^
/Users/kalomidin/Desktop/raft_example/raft_example/target/rls/debug/build/grpcio-sys-083b3737ce90077a/out/build/CMakeFiles/CheckTypeSize/OFF64_T.c:29:12: error: use of undeclared identifier 'off64_t'
  ('0' +  (SIZE    % 10)),
           ^
/Users/kalomidin/Desktop/raft_example/raft_example/target/rls/debug/build/grpcio-sys-083b3737ce90077a/out/build/CMakeFiles/CheckTypeSize/OFF64_T.c:23:22: note: expanded from macro 'SIZE'
#define SIZE (sizeof(off64_t))
                     ^
5 errors generated.
make[1]: *** [CMakeFiles/cmTC_6d802.dir/OFF64_T.c.o] Error 1
make: *** [cmTC_6d802/fast] Error 2


/Users/kalomidin/Desktop/raft_example/raft_example/target/rls/debug/build/grpcio-sys-083b3737ce90077a/out/build/CMakeFiles/CheckTypeSize/OFF64_T.c:
#include <sys/types.h>
#include <stdint.h>
#include <stddef.h>


#undef KEY
#if defined(__i386)
# define KEY '_','_','i','3','8','6'
#elif defined(__x86_64)
# define KEY '_','_','x','8','6','_','6','4'
#elif defined(__ppc__)
# define KEY '_','_','p','p','c','_','_'
#elif defined(__ppc64__)
# define KEY '_','_','p','p','c','6','4','_','_'
#elif defined(__aarch64__)
# define KEY '_','_','a','a','r','c','h','6','4','_','_'
#elif defined(__ARM_ARCH_7A__)
# define KEY '_','_','A','R','M','_','A','R','C','H','_','7','A','_','_'
#elif defined(__ARM_ARCH_7S__)
# define KEY '_','_','A','R','M','_','A','R','C','H','_','7','S','_','_'
#endif

#define SIZE (sizeof(off64_t))
static char info_size[] =  {'I', 'N', 'F', 'O', ':', 's','i','z','e','[',
  ('0' + ((SIZE / 10000)%10)),
  ('0' + ((SIZE / 1000)%10)),
  ('0' + ((SIZE / 100)%10)),
  ('0' + ((SIZE / 10)%10)),
  ('0' +  (SIZE    % 10)),
  ']',
#ifdef KEY
  ' ','k','e','y','[', KEY, ']',
#endif
  '\0'};

#ifdef __CLASSIC_C__
int main(argc, argv) int argc; char *argv[];
#else
int main(int argc, char *argv[])
#endif
{
  int require = 0;
  require += info_size[argc];
  (void)argv;
  return require;
}


Performing C SOURCE FILE Test IOS failed with the following output:
Change Dir: /Users/kalomidin/Desktop/raft_example/raft_example/target/rls/debug/build/grpcio-sys-083b3737ce90077a/out/build/CMakeFiles/CMakeTmp

Run Build Command(s):/usr/bin/make cmTC_97b08/fast && /Library/Developer/CommandLineTools/usr/bin/make -f CMakeFiles/cmTC_97b08.dir/build.make CMakeFiles/cmTC_97b08.dir/build
Building C object CMakeFiles/cmTC_97b08.dir/src.c.o
/usr/bin/cc   -ffunction-sections -fdata-sections -fPIC -m64 -DIOS -isysroot /Library/Developer/CommandLineTools/SDKs/MacOSX10.15.sdk -fPIE   -o CMakeFiles/cmTC_97b08.dir/src.c.o   -c /Users/kalomidin/Desktop/raft_example/raft_example/target/rls/debug/build/grpcio-sys-083b3737ce90077a/out/build/CMakeFiles/CMakeTmp/src.c
/Users/kalomidin/Desktop/raft_example/raft_example/target/rls/debug/build/grpcio-sys-083b3737ce90077a/out/build/CMakeFiles/CMakeTmp/src.c:6:2: error: Not an iPhone target
#error Not an iPhone target
 ^
1 error generated.
make[1]: *** [CMakeFiles/cmTC_97b08.dir/src.c.o] Error 1
make: *** [cmTC_97b08/fast] Error 2


Source file was:

	#include <stdio.h>
	#include <TargetConditionals.h>
	int main() {
#if TARGET_OS_IPHONE == 0
#error Not an iPhone target
#endif
return 0;
	}
	
Performing C SOURCE FILE Test IOS_V10 failed with the following output:
Change Dir: /Users/kalomidin/Desktop/raft_example/raft_example/target/rls/debug/build/grpcio-sys-083b3737ce90077a/out/build/CMakeFiles/CMakeTmp

Run Build Command(s):/usr/bin/make cmTC_057ec/fast && /Library/Developer/CommandLineTools/usr/bin/make -f CMakeFiles/cmTC_057ec.dir/build.make CMakeFiles/cmTC_057ec.dir/build
Building C object CMakeFiles/cmTC_057ec.dir/src.c.o
/usr/bin/cc   -ffunction-sections -fdata-sections -fPIC -m64 -DIOS_V10 -isysroot /Library/Developer/CommandLineTools/SDKs/MacOSX10.15.sdk -fPIE   -o CMakeFiles/cmTC_057ec.dir/src.c.o   -c /Users/kalomidin/Desktop/raft_example/raft_example/target/rls/debug/build/grpcio-sys-083b3737ce90077a/out/build/CMakeFiles/CMakeTmp/src.c
/Users/kalomidin/Desktop/raft_example/raft_example/target/rls/debug/build/grpcio-sys-083b3737ce90077a/out/build/CMakeFiles/CMakeTmp/src.c:6:4: error: Not iOS v10
#  error Not iOS v10
   ^
1 error generated.
make[1]: *** [CMakeFiles/cmTC_057ec.dir/src.c.o] Error 1
make: *** [cmTC_057ec/fast] Error 2


Source file was:

#include <stdio.h>
#include <TargetConditionals.h>
	int main() {
#if TARGET_OS_IPHONE == 0 || __IPHONE_OS_VERSION_MIN_REQUIRED < 100000
#  error Not iOS v10
#endif
return 0;
	}
	
Determining if the function gethostbyname exists in the nsl failed with the following output:
Change Dir: /Users/kalomidin/Desktop/raft_example/raft_example/target/rls/debug/build/grpcio-sys-083b3737ce90077a/out/build/CMakeFiles/CMakeTmp

Run Build Command(s):/usr/bin/make cmTC_2377b/fast && /Library/Developer/CommandLineTools/usr/bin/make -f CMakeFiles/cmTC_2377b.dir/build.make CMakeFiles/cmTC_2377b.dir/build
Building C object CMakeFiles/cmTC_2377b.dir/CheckFunctionExists.c.o
/usr/bin/cc   -ffunction-sections -fdata-sections -fPIC -m64 -DCHECK_FUNCTION_EXISTS=gethostbyname -isysroot /Library/Developer/CommandLineTools/SDKs/MacOSX10.15.sdk -fPIE   -o CMakeFiles/cmTC_2377b.dir/CheckFunctionExists.c.o   -c /usr/local/share/cmake-3.16/Modules/CheckFunctionExists.c
Linking C executable cmTC_2377b
/usr/local/bin/cmake -E cmake_link_script CMakeFiles/cmTC_2377b.dir/link.txt --verbose=1
/usr/bin/cc  -ffunction-sections -fdata-sections -fPIC -m64 -DCHECK_FUNCTION_EXISTS=gethostbyname -isysroot /Library/Developer/CommandLineTools/SDKs/MacOSX10.15.sdk -Wl,-search_paths_first -Wl,-headerpad_max_install_names   CMakeFiles/cmTC_2377b.dir/CheckFunctionExists.c.o  -o cmTC_2377b  -lnsl 
ld: library not found for -lnsl
clang: error: linker command failed with exit code 1 (use -v to see invocation)
make[1]: *** [cmTC_2377b] Error 1
make: *** [cmTC_2377b/fast] Error 2



Determining if the function gethostbyname exists in the socket failed with the following output:
Change Dir: /Users/kalomidin/Desktop/raft_example/raft_example/target/rls/debug/build/grpcio-sys-083b3737ce90077a/out/build/CMakeFiles/CMakeTmp

Run Build Command(s):/usr/bin/make cmTC_5b7e3/fast && /Library/Developer/CommandLineTools/usr/bin/make -f CMakeFiles/cmTC_5b7e3.dir/build.make CMakeFiles/cmTC_5b7e3.dir/build
Building C object CMakeFiles/cmTC_5b7e3.dir/CheckFunctionExists.c.o
/usr/bin/cc   -ffunction-sections -fdata-sections -fPIC -m64 -DCHECK_FUNCTION_EXISTS=gethostbyname -isysroot /Library/Developer/CommandLineTools/SDKs/MacOSX10.15.sdk -fPIE   -o CMakeFiles/cmTC_5b7e3.dir/CheckFunctionExists.c.o   -c /usr/local/share/cmake-3.16/Modules/CheckFunctionExists.c
Linking C executable cmTC_5b7e3
/usr/local/bin/cmake -E cmake_link_script CMakeFiles/cmTC_5b7e3.dir/link.txt --verbose=1
/usr/bin/cc  -ffunction-sections -fdata-sections -fPIC -m64 -DCHECK_FUNCTION_EXISTS=gethostbyname -isysroot /Library/Developer/CommandLineTools/SDKs/MacOSX10.15.sdk -Wl,-search_paths_first -Wl,-headerpad_max_install_names   CMakeFiles/cmTC_5b7e3.dir/CheckFunctionExists.c.o  -o cmTC_5b7e3  -lsocket 
ld: library not found for -lsocket
clang: error: linker command failed with exit code 1 (use -v to see invocation)
make[1]: *** [cmTC_5b7e3] Error 1
make: *** [cmTC_5b7e3/fast] Error 2



Determining if the function clock_gettime exists in the rt failed with the following output:
Change Dir: /Users/kalomidin/Desktop/raft_example/raft_example/target/rls/debug/build/grpcio-sys-083b3737ce90077a/out/build/CMakeFiles/CMakeTmp

Run Build Command(s):/usr/bin/make cmTC_33ab7/fast && /Library/Developer/CommandLineTools/usr/bin/make -f CMakeFiles/cmTC_33ab7.dir/build.make CMakeFiles/cmTC_33ab7.dir/build
Building C object CMakeFiles/cmTC_33ab7.dir/CheckFunctionExists.c.o
/usr/bin/cc   -ffunction-sections -fdata-sections -fPIC -m64 -DCHECK_FUNCTION_EXISTS=clock_gettime -isysroot /Library/Developer/CommandLineTools/SDKs/MacOSX10.15.sdk -fPIE   -o CMakeFiles/cmTC_33ab7.dir/CheckFunctionExists.c.o   -c /usr/local/share/cmake-3.16/Modules/CheckFunctionExists.c
Linking C executable cmTC_33ab7
/usr/local/bin/cmake -E cmake_link_script CMakeFiles/cmTC_33ab7.dir/link.txt --verbose=1
/usr/bin/cc  -ffunction-sections -fdata-sections -fPIC -m64 -DCHECK_FUNCTION_EXISTS=clock_gettime -isysroot /Library/Developer/CommandLineTools/SDKs/MacOSX10.15.sdk -Wl,-search_paths_first -Wl,-headerpad_max_install_names   CMakeFiles/cmTC_33ab7.dir/CheckFunctionExists.c.o  -o cmTC_33ab7  -lrt 
ld: library not found for -lrt
clang: error: linker command failed with exit code 1 (use -v to see invocation)
make[1]: *** [cmTC_33ab7] Error 1
make: *** [cmTC_33ab7/fast] Error 2



Determining if files malloc.h exist failed with the following output:
Change Dir: /Users/kalomidin/Desktop/raft_example/raft_example/target/rls/debug/build/grpcio-sys-083b3737ce90077a/out/build/CMakeFiles/CMakeTmp

Run Build Command(s):/usr/bin/make cmTC_7e1f4/fast && /Library/Developer/CommandLineTools/usr/bin/make -f CMakeFiles/cmTC_7e1f4.dir/build.make CMakeFiles/cmTC_7e1f4.dir/build
Building C object CMakeFiles/cmTC_7e1f4.dir/HAVE_MALLOC_H.c.o
/usr/bin/cc   -ffunction-sections -fdata-sections -fPIC -m64  -isysroot /Library/Developer/CommandLineTools/SDKs/MacOSX10.15.sdk -fPIE   -o CMakeFiles/cmTC_7e1f4.dir/HAVE_MALLOC_H.c.o   -c /Users/kalomidin/Desktop/raft_example/raft_example/target/rls/debug/build/grpcio-sys-083b3737ce90077a/out/build/CMakeFiles/CheckIncludeFiles/HAVE_MALLOC_H.c
/Users/kalomidin/Desktop/raft_example/raft_example/target/rls/debug/build/grpcio-sys-083b3737ce90077a/out/build/CMakeFiles/CheckIncludeFiles/HAVE_MALLOC_H.c:2:10: fatal error: 'malloc.h' file not found
#include <malloc.h>
         ^~~~~~~~~~
1 error generated.
make[1]: *** [CMakeFiles/cmTC_7e1f4.dir/HAVE_MALLOC_H.c.o] Error 1
make: *** [cmTC_7e1f4/fast] Error 2


Source:
/* */
#include <malloc.h>


int main(void){return 0;}

Determining if files socket.h exist failed with the following output:
Change Dir: /Users/kalomidin/Desktop/raft_example/raft_example/target/rls/debug/build/grpcio-sys-083b3737ce90077a/out/build/CMakeFiles/CMakeTmp

Run Build Command(s):/usr/bin/make cmTC_b818f/fast && /Library/Developer/CommandLineTools/usr/bin/make -f CMakeFiles/cmTC_b818f.dir/build.make CMakeFiles/cmTC_b818f.dir/build
Building C object CMakeFiles/cmTC_b818f.dir/HAVE_SOCKET_H.c.o
/usr/bin/cc   -ffunction-sections -fdata-sections -fPIC -m64  -isysroot /Library/Developer/CommandLineTools/SDKs/MacOSX10.15.sdk -fPIE   -o CMakeFiles/cmTC_b818f.dir/HAVE_SOCKET_H.c.o   -c /Users/kalomidin/Desktop/raft_example/raft_example/target/rls/debug/build/grpcio-sys-083b3737ce90077a/out/build/CMakeFiles/CheckIncludeFiles/HAVE_SOCKET_H.c
/Users/kalomidin/Desktop/raft_example/raft_example/target/rls/debug/build/grpcio-sys-083b3737ce90077a/out/build/CMakeFiles/CheckIncludeFiles/HAVE_SOCKET_H.c:2:10: fatal error: 'socket.h' file not found
#include <socket.h>
         ^~~~~~~~~~
1 error generated.
make[1]: *** [CMakeFiles/cmTC_b818f.dir/HAVE_SOCKET_H.c.o] Error 1
make: *** [cmTC_b818f/fast] Error 2


Source:
/* */
#include <socket.h>


int main(void){return 0;}

Determining if files stropts.h exist failed with the following output:
Change Dir: /Users/kalomidin/Desktop/raft_example/raft_example/target/rls/debug/build/grpcio-sys-083b3737ce90077a/out/build/CMakeFiles/CMakeTmp

Run Build Command(s):/usr/bin/make cmTC_4394e/fast && /Library/Developer/CommandLineTools/usr/bin/make -f CMakeFiles/cmTC_4394e.dir/build.make CMakeFiles/cmTC_4394e.dir/build
Building C object CMakeFiles/cmTC_4394e.dir/HAVE_STROPTS_H.c.o
/usr/bin/cc   -ffunction-sections -fdata-sections -fPIC -m64  -isysroot /Library/Developer/CommandLineTools/SDKs/MacOSX10.15.sdk -fPIE   -o CMakeFiles/cmTC_4394e.dir/HAVE_STROPTS_H.c.o   -c /Users/kalomidin/Desktop/raft_example/raft_example/target/rls/debug/build/grpcio-sys-083b3737ce90077a/out/build/CMakeFiles/CheckIncludeFiles/HAVE_STROPTS_H.c
/Users/kalomidin/Desktop/raft_example/raft_example/target/rls/debug/build/grpcio-sys-083b3737ce90077a/out/build/CMakeFiles/CheckIncludeFiles/HAVE_STROPTS_H.c:2:10: fatal error: 'stropts.h' file not found
#include <stropts.h>
         ^~~~~~~~~~~
1 error generated.
make[1]: *** [CMakeFiles/cmTC_4394e.dir/HAVE_STROPTS_H.c.o] Error 1
make: *** [cmTC_4394e/fast] Error 2


Source:
/* */
#include <stropts.h>


int main(void){return 0;}

Determining if files winsock2.h;windows.h exist failed with the following output:
Change Dir: /Users/kalomidin/Desktop/raft_example/raft_example/target/rls/debug/build/grpcio-sys-083b3737ce90077a/out/build/CMakeFiles/CMakeTmp

Run Build Command(s):/usr/bin/make cmTC_18ec1/fast && /Library/Developer/CommandLineTools/usr/bin/make -f CMakeFiles/cmTC_18ec1.dir/build.make CMakeFiles/cmTC_18ec1.dir/build
Building C object CMakeFiles/cmTC_18ec1.dir/HAVE_WINSOCK2_H.c.o
/usr/bin/cc   -ffunction-sections -fdata-sections -fPIC -m64  -isysroot /Library/Developer/CommandLineTools/SDKs/MacOSX10.15.sdk -fPIE   -o CMakeFiles/cmTC_18ec1.dir/HAVE_WINSOCK2_H.c.o   -c /Users/kalomidin/Desktop/raft_example/raft_example/target/rls/debug/build/grpcio-sys-083b3737ce90077a/out/build/CMakeFiles/CheckIncludeFiles/HAVE_WINSOCK2_H.c
/Users/kalomidin/Desktop/raft_example/raft_example/target/rls/debug/build/grpcio-sys-083b3737ce90077a/out/build/CMakeFiles/CheckIncludeFiles/HAVE_WINSOCK2_H.c:2:10: fatal error: 'winsock2.h' file not found
#include <winsock2.h>
         ^~~~~~~~~~~~
1 error generated.
make[1]: *** [CMakeFiles/cmTC_18ec1.dir/HAVE_WINSOCK2_H.c.o] Error 1
make: *** [cmTC_18ec1/fast] Error 2


Source:
/* */
#include <winsock2.h>
#include <windows.h>


int main(void){return 0;}

Determining if files winsock2.h;ws2tcpip.h;windows.h exist failed with the following output:
Change Dir: /Users/kalomidin/Desktop/raft_example/raft_example/target/rls/debug/build/grpcio-sys-083b3737ce90077a/out/build/CMakeFiles/CMakeTmp

Run Build Command(s):/usr/bin/make cmTC_54324/fast && /Library/Developer/CommandLineTools/usr/bin/make -f CMakeFiles/cmTC_54324.dir/build.make CMakeFiles/cmTC_54324.dir/build
Building C object CMakeFiles/cmTC_54324.dir/HAVE_WS2TCPIP_H.c.o
/usr/bin/cc   -ffunction-sections -fdata-sections -fPIC -m64  -isysroot /Library/Developer/CommandLineTools/SDKs/MacOSX10.15.sdk -fPIE   -o CMakeFiles/cmTC_54324.dir/HAVE_WS2TCPIP_H.c.o   -c /Users/kalomidin/Desktop/raft_example/raft_example/target/rls/debug/build/grpcio-sys-083b3737ce90077a/out/build/CMakeFiles/CheckIncludeFiles/HAVE_WS2TCPIP_H.c
/Users/kalomidin/Desktop/raft_example/raft_example/target/rls/debug/build/grpcio-sys-083b3737ce90077a/out/build/CMakeFiles/CheckIncludeFiles/HAVE_WS2TCPIP_H.c:2:10: fatal error: 'winsock2.h' file not found
#include <winsock2.h>
         ^~~~~~~~~~~~
1 error generated.
make[1]: *** [CMakeFiles/cmTC_54324.dir/HAVE_WS2TCPIP_H.c.o] Error 1
make: *** [cmTC_54324/fast] Error 2


Source:
/* */
#include <winsock2.h>
#include <ws2tcpip.h>
#include <windows.h>


int main(void){return 0;}

Determining if files winsock.h;windows.h exist failed with the following output:
Change Dir: /Users/kalomidin/Desktop/raft_example/raft_example/target/rls/debug/build/grpcio-sys-083b3737ce90077a/out/build/CMakeFiles/CMakeTmp

Run Build Command(s):/usr/bin/make cmTC_7b507/fast && /Library/Developer/CommandLineTools/usr/bin/make -f CMakeFiles/cmTC_7b507.dir/build.make CMakeFiles/cmTC_7b507.dir/build
Building C object CMakeFiles/cmTC_7b507.dir/HAVE_WINSOCK_H.c.o
/usr/bin/cc   -ffunction-sections -fdata-sections -fPIC -m64  -isysroot /Library/Developer/CommandLineTools/SDKs/MacOSX10.15.sdk -fPIE   -o CMakeFiles/cmTC_7b507.dir/HAVE_WINSOCK_H.c.o   -c /Users/kalomidin/Desktop/raft_example/raft_example/target/rls/debug/build/grpcio-sys-083b3737ce90077a/out/build/CMakeFiles/CheckIncludeFiles/HAVE_WINSOCK_H.c
/Users/kalomidin/Desktop/raft_example/raft_example/target/rls/debug/build/grpcio-sys-083b3737ce90077a/out/build/CMakeFiles/CheckIncludeFiles/HAVE_WINSOCK_H.c:2:10: fatal error: 'winsock.h' file not found
#include <winsock.h>
         ^~~~~~~~~~~
1 error generated.
make[1]: *** [CMakeFiles/cmTC_7b507.dir/HAVE_WINSOCK_H.c.o] Error 1
make: *** [cmTC_7b507/fast] Error 2


Source:
/* */
#include <winsock.h>
#include <windows.h>


int main(void){return 0;}

Determining if files windows.h exist failed with the following output:
Change Dir: /Users/kalomidin/Desktop/raft_example/raft_example/target/rls/debug/build/grpcio-sys-083b3737ce90077a/out/build/CMakeFiles/CMakeTmp

Run Build Command(s):/usr/bin/make cmTC_3d185/fast && /Library/Developer/CommandLineTools/usr/bin/make -f CMakeFiles/cmTC_3d185.dir/build.make CMakeFiles/cmTC_3d185.dir/build
Building C object CMakeFiles/cmTC_3d185.dir/HAVE_WINDOWS_H.c.o
/usr/bin/cc   -ffunction-sections -fdata-sections -fPIC -m64  -isysroot /Library/Developer/CommandLineTools/SDKs/MacOSX10.15.sdk -fPIE   -o CMakeFiles/cmTC_3d185.dir/HAVE_WINDOWS_H.c.o   -c /Users/kalomidin/Desktop/raft_example/raft_example/target/rls/debug/build/grpcio-sys-083b3737ce90077a/out/build/CMakeFiles/CheckIncludeFiles/HAVE_WINDOWS_H.c
/Users/kalomidin/Desktop/raft_example/raft_example/target/rls/debug/build/grpcio-sys-083b3737ce90077a/out/build/CMakeFiles/CheckIncludeFiles/HAVE_WINDOWS_H.c:2:10: fatal error: 'windows.h' file not found
#include <windows.h>
         ^~~~~~~~~~~
1 error generated.
make[1]: *** [CMakeFiles/cmTC_3d185.dir/HAVE_WINDOWS_H.c.o] Error 1
make: *** [cmTC_3d185/fast] Error 2


Source:
/* */
#include <windows.h>


int main(void){return 0;}

Performing C SOURCE FILE Test HAVE_TYPE_SOCKET failed with the following output:
Change Dir: /Users/kalomidin/Desktop/raft_example/raft_example/target/rls/debug/build/grpcio-sys-083b3737ce90077a/out/build/CMakeFiles/CMakeTmp

Run Build Command(s):/usr/bin/make cmTC_97f99/fast && /Library/Developer/CommandLineTools/usr/bin/make -f CMakeFiles/cmTC_97f99.dir/build.make CMakeFiles/cmTC_97f99.dir/build
Building C object CMakeFiles/cmTC_97f99.dir/src.c.o
/usr/bin/cc -D_DARWIN_C_SOURCE  -ffunction-sections -fdata-sections -fPIC -m64 -DHAVE_TYPE_SOCKET -isysroot /Library/Developer/CommandLineTools/SDKs/MacOSX10.15.sdk -fPIE   -o CMakeFiles/cmTC_97f99.dir/src.c.o   -c /Users/kalomidin/Desktop/raft_example/raft_example/target/rls/debug/build/grpcio-sys-083b3737ce90077a/out/build/CMakeFiles/CMakeTmp/src.c
/Users/kalomidin/Desktop/raft_example/raft_example/target/rls/debug/build/grpcio-sys-083b3737ce90077a/out/build/CMakeFiles/CMakeTmp/src.c:26:4: error: use of undeclared identifier 'SOCKET'
                        SOCKET var_exists;
                        ^
1 error generated.
make[1]: *** [CMakeFiles/cmTC_97f99.dir/src.c.o] Error 1
make: *** [cmTC_97f99/fast] Error 2


Source file was:

		#include <stdio.h>
		#include <stdlib.h>
	
		#include <stdbool.h>
		#include <sys/types.h>
		#include <arpa/inet.h>
		#include <arpa/nameser.h>
		#include <netdb.h>
		#include <net/if.h>
		#include <netinet/in.h>
		#include <netinet/tcp.h>
		#include <signal.h>
		#include <stdlib.h>
		#include <string.h>
		#include <strings.h>
		#include <sys/ioctl.h>
		#include <sys/select.h>
		#include <sys/socket.h>
		#include <sys/time.h>
		#include <sys/uio.h>
		#include <time.h>
		#include <fcntl.h>
		#include <unistd.h>
		int main() {
			SOCKET var_exists;
			return 0;
		}
	
Determining if the MSG_NOSIGNAL exist failed with the following output:
Change Dir: /Users/kalomidin/Desktop/raft_example/raft_example/target/rls/debug/build/grpcio-sys-083b3737ce90077a/out/build/CMakeFiles/CMakeTmp

Run Build Command(s):/usr/bin/make cmTC_ad425/fast && /Library/Developer/CommandLineTools/usr/bin/make -f CMakeFiles/cmTC_ad425.dir/build.make CMakeFiles/cmTC_ad425.dir/build
Building C object CMakeFiles/cmTC_ad425.dir/CheckSymbolExists.c.o
/usr/bin/cc -D_DARWIN_C_SOURCE  -ffunction-sections -fdata-sections -fPIC -m64  -isysroot /Library/Developer/CommandLineTools/SDKs/MacOSX10.15.sdk -fPIE   -o CMakeFiles/cmTC_ad425.dir/CheckSymbolExists.c.o   -c /Users/kalomidin/Desktop/raft_example/raft_example/target/rls/debug/build/grpcio-sys-083b3737ce90077a/out/build/CMakeFiles/CMakeTmp/CheckSymbolExists.c
/Users/kalomidin/Desktop/raft_example/raft_example/target/rls/debug/build/grpcio-sys-083b3737ce90077a/out/build/CMakeFiles/CMakeTmp/CheckSymbolExists.c:27:19: error: use of undeclared identifier 'MSG_NOSIGNAL'
  return ((int*)(&MSG_NOSIGNAL))[argc];
                  ^
1 error generated.
make[1]: *** [CMakeFiles/cmTC_ad425.dir/CheckSymbolExists.c.o] Error 1
make: *** [cmTC_ad425/fast] Error 2


File /Users/kalomidin/Desktop/raft_example/raft_example/target/rls/debug/build/grpcio-sys-083b3737ce90077a/out/build/CMakeFiles/CMakeTmp/CheckSymbolExists.c:
/* */
#include <stdbool.h>
#include <sys/types.h>
#include <arpa/inet.h>
#include <arpa/nameser.h>
#include <netdb.h>
#include <net/if.h>
#include <netinet/in.h>
#include <netinet/tcp.h>
#include <signal.h>
#include <stdlib.h>
#include <string.h>
#include <strings.h>
#include <sys/ioctl.h>
#include <sys/select.h>
#include <sys/socket.h>
#include <sys/time.h>
#include <sys/uio.h>
#include <time.h>
#include <fcntl.h>
#include <unistd.h>

int main(int argc, char** argv)
{
  (void)argv;
#ifndef MSG_NOSIGNAL
  return ((int*)(&MSG_NOSIGNAL))[argc];
#else
  (void)argc;
  return 0;
#endif
}
Determining if the SO_NONBLOCK exist failed with the following output:
Change Dir: /Users/kalomidin/Desktop/raft_example/raft_example/target/rls/debug/build/grpcio-sys-083b3737ce90077a/out/build/CMakeFiles/CMakeTmp

Run Build Command(s):/usr/bin/make cmTC_52d80/fast && /Library/Developer/CommandLineTools/usr/bin/make -f CMakeFiles/cmTC_52d80.dir/build.make CMakeFiles/cmTC_52d80.dir/build
Building C object CMakeFiles/cmTC_52d80.dir/CheckSymbolExists.c.o
/usr/bin/cc -D_DARWIN_C_SOURCE  -ffunction-sections -fdata-sections -fPIC -m64  -isysroot /Library/Developer/CommandLineTools/SDKs/MacOSX10.15.sdk -fPIE   -o CMakeFiles/cmTC_52d80.dir/CheckSymbolExists.c.o   -c /Users/kalomidin/Desktop/raft_example/raft_example/target/rls/debug/build/grpcio-sys-083b3737ce90077a/out/build/CMakeFiles/CMakeTmp/CheckSymbolExists.c
/Users/kalomidin/Desktop/raft_example/raft_example/target/rls/debug/build/grpcio-sys-083b3737ce90077a/out/build/CMakeFiles/CMakeTmp/CheckSymbolExists.c:27:19: error: use of undeclared identifier 'SO_NONBLOCK'
  return ((int*)(&SO_NONBLOCK))[argc];
                  ^
1 error generated.
make[1]: *** [CMakeFiles/cmTC_52d80.dir/CheckSymbolExists.c.o] Error 1
make: *** [cmTC_52d80/fast] Error 2


File /Users/kalomidin/Desktop/raft_example/raft_example/target/rls/debug/build/grpcio-sys-083b3737ce90077a/out/build/CMakeFiles/CMakeTmp/CheckSymbolExists.c:
/* */
#include <stdbool.h>
#include <sys/types.h>
#include <arpa/inet.h>
#include <arpa/nameser.h>
#include <netdb.h>
#include <net/if.h>
#include <netinet/in.h>
#include <netinet/tcp.h>
#include <signal.h>
#include <stdlib.h>
#include <string.h>
#include <strings.h>
#include <sys/ioctl.h>
#include <sys/select.h>
#include <sys/socket.h>
#include <sys/time.h>
#include <sys/uio.h>
#include <time.h>
#include <fcntl.h>
#include <unistd.h>

int main(int argc, char** argv)
{
  (void)argv;
#ifndef SO_NONBLOCK
  return ((int*)(&SO_NONBLOCK))[argc];
#else
  (void)argc;
  return 0;
#endif
}
Determining if the bitncmp exist failed with the following output:
Change Dir: /Users/kalomidin/Desktop/raft_example/raft_example/target/rls/debug/build/grpcio-sys-083b3737ce90077a/out/build/CMakeFiles/CMakeTmp

Run Build Command(s):/usr/bin/make cmTC_620e0/fast && /Library/Developer/CommandLineTools/usr/bin/make -f CMakeFiles/cmTC_620e0.dir/build.make CMakeFiles/cmTC_620e0.dir/build
Building C object CMakeFiles/cmTC_620e0.dir/CheckSymbolExists.c.o
/usr/bin/cc -D_DARWIN_C_SOURCE  -ffunction-sections -fdata-sections -fPIC -m64  -isysroot /Library/Developer/CommandLineTools/SDKs/MacOSX10.15.sdk -fPIE   -o CMakeFiles/cmTC_620e0.dir/CheckSymbolExists.c.o   -c /Users/kalomidin/Desktop/raft_example/raft_example/target/rls/debug/build/grpcio-sys-083b3737ce90077a/out/build/CMakeFiles/CMakeTmp/CheckSymbolExists.c
/Users/kalomidin/Desktop/raft_example/raft_example/target/rls/debug/build/grpcio-sys-083b3737ce90077a/out/build/CMakeFiles/CMakeTmp/CheckSymbolExists.c:27:19: error: use of undeclared identifier 'bitncmp'
  return ((int*)(&bitncmp))[argc];
                  ^
1 error generated.
make[1]: *** [CMakeFiles/cmTC_620e0.dir/CheckSymbolExists.c.o] Error 1
make: *** [cmTC_620e0/fast] Error 2


File /Users/kalomidin/Desktop/raft_example/raft_example/target/rls/debug/build/grpcio-sys-083b3737ce90077a/out/build/CMakeFiles/CMakeTmp/CheckSymbolExists.c:
/* */
#include <stdbool.h>
#include <sys/types.h>
#include <arpa/inet.h>
#include <arpa/nameser.h>
#include <netdb.h>
#include <net/if.h>
#include <netinet/in.h>
#include <netinet/tcp.h>
#include <signal.h>
#include <stdlib.h>
#include <string.h>
#include <strings.h>
#include <sys/ioctl.h>
#include <sys/select.h>
#include <sys/socket.h>
#include <sys/time.h>
#include <sys/uio.h>
#include <time.h>
#include <fcntl.h>
#include <unistd.h>

int main(int argc, char** argv)
{
  (void)argv;
#ifndef bitncmp
  return ((int*)(&bitncmp))[argc];
#else
  (void)argc;
  return 0;
#endif
}
Determining if the closesocket exist failed with the following output:
Change Dir: /Users/kalomidin/Desktop/raft_example/raft_example/target/rls/debug/build/grpcio-sys-083b3737ce90077a/out/build/CMakeFiles/CMakeTmp

Run Build Command(s):/usr/bin/make cmTC_78070/fast && /Library/Developer/CommandLineTools/usr/bin/make -f CMakeFiles/cmTC_78070.dir/build.make CMakeFiles/cmTC_78070.dir/build
Building C object CMakeFiles/cmTC_78070.dir/CheckSymbolExists.c.o
/usr/bin/cc -D_DARWIN_C_SOURCE  -ffunction-sections -fdata-sections -fPIC -m64  -isysroot /Library/Developer/CommandLineTools/SDKs/MacOSX10.15.sdk -fPIE   -o CMakeFiles/cmTC_78070.dir/CheckSymbolExists.c.o   -c /Users/kalomidin/Desktop/raft_example/raft_example/target/rls/debug/build/grpcio-sys-083b3737ce90077a/out/build/CMakeFiles/CMakeTmp/CheckSymbolExists.c
/Users/kalomidin/Desktop/raft_example/raft_example/target/rls/debug/build/grpcio-sys-083b3737ce90077a/out/build/CMakeFiles/CMakeTmp/CheckSymbolExists.c:27:19: error: use of undeclared identifier 'closesocket'
  return ((int*)(&closesocket))[argc];
                  ^
1 error generated.
make[1]: *** [CMakeFiles/cmTC_78070.dir/CheckSymbolExists.c.o] Error 1
make: *** [cmTC_78070/fast] Error 2


File /Users/kalomidin/Desktop/raft_example/raft_example/target/rls/debug/build/grpcio-sys-083b3737ce90077a/out/build/CMakeFiles/CMakeTmp/CheckSymbolExists.c:
/* */
#include <stdbool.h>
#include <sys/types.h>
#include <arpa/inet.h>
#include <arpa/nameser.h>
#include <netdb.h>
#include <net/if.h>
#include <netinet/in.h>
#include <netinet/tcp.h>
#include <signal.h>
#include <stdlib.h>
#include <string.h>
#include <strings.h>
#include <sys/ioctl.h>
#include <sys/select.h>
#include <sys/socket.h>
#include <sys/time.h>
#include <sys/uio.h>
#include <time.h>
#include <fcntl.h>
#include <unistd.h>

int main(int argc, char** argv)
{
  (void)argv;
#ifndef closesocket
  return ((int*)(&closesocket))[argc];
#else
  (void)argc;
  return 0;
#endif
}
Determining if the CloseSocket exist failed with the following output:
Change Dir: /Users/kalomidin/Desktop/raft_example/raft_example/target/rls/debug/build/grpcio-sys-083b3737ce90077a/out/build/CMakeFiles/CMakeTmp

Run Build Command(s):/usr/bin/make cmTC_c6667/fast && /Library/Developer/CommandLineTools/usr/bin/make -f CMakeFiles/cmTC_c6667.dir/build.make CMakeFiles/cmTC_c6667.dir/build
Building C object CMakeFiles/cmTC_c6667.dir/CheckSymbolExists.c.o
/usr/bin/cc -D_DARWIN_C_SOURCE  -ffunction-sections -fdata-sections -fPIC -m64  -isysroot /Library/Developer/CommandLineTools/SDKs/MacOSX10.15.sdk -fPIE   -o CMakeFiles/cmTC_c6667.dir/CheckSymbolExists.c.o   -c /Users/kalomidin/Desktop/raft_example/raft_example/target/rls/debug/build/grpcio-sys-083b3737ce90077a/out/build/CMakeFiles/CMakeTmp/CheckSymbolExists.c
/Users/kalomidin/Desktop/raft_example/raft_example/target/rls/debug/build/grpcio-sys-083b3737ce90077a/out/build/CMakeFiles/CMakeTmp/CheckSymbolExists.c:27:19: error: use of undeclared identifier 'CloseSocket'
  return ((int*)(&CloseSocket))[argc];
                  ^
1 error generated.
make[1]: *** [CMakeFiles/cmTC_c6667.dir/CheckSymbolExists.c.o] Error 1
make: *** [cmTC_c6667/fast] Error 2


File /Users/kalomidin/Desktop/raft_example/raft_example/target/rls/debug/build/grpcio-sys-083b3737ce90077a/out/build/CMakeFiles/CMakeTmp/CheckSymbolExists.c:
/* */
#include <stdbool.h>
#include <sys/types.h>
#include <arpa/inet.h>
#include <arpa/nameser.h>
#include <netdb.h>
#include <net/if.h>
#include <netinet/in.h>
#include <netinet/tcp.h>
#include <signal.h>
#include <stdlib.h>
#include <string.h>
#include <strings.h>
#include <sys/ioctl.h>
#include <sys/select.h>
#include <sys/socket.h>
#include <sys/time.h>
#include <sys/uio.h>
#include <time.h>
#include <fcntl.h>
#include <unistd.h>

int main(int argc, char** argv)
{
  (void)argv;
#ifndef CloseSocket
  return ((int*)(&CloseSocket))[argc];
#else
  (void)argc;
  return 0;
#endif
}
Determining if the getservbyport_r exist failed with the following output:
Change Dir: /Users/kalomidin/Desktop/raft_example/raft_example/target/rls/debug/build/grpcio-sys-083b3737ce90077a/out/build/CMakeFiles/CMakeTmp

Run Build Command(s):/usr/bin/make cmTC_92e69/fast && /Library/Developer/CommandLineTools/usr/bin/make -f CMakeFiles/cmTC_92e69.dir/build.make CMakeFiles/cmTC_92e69.dir/build
Building C object CMakeFiles/cmTC_92e69.dir/CheckSymbolExists.c.o
/usr/bin/cc -D_DARWIN_C_SOURCE  -ffunction-sections -fdata-sections -fPIC -m64  -isysroot /Library/Developer/CommandLineTools/SDKs/MacOSX10.15.sdk -fPIE   -o CMakeFiles/cmTC_92e69.dir/CheckSymbolExists.c.o   -c /Users/kalomidin/Desktop/raft_example/raft_example/target/rls/debug/build/grpcio-sys-083b3737ce90077a/out/build/CMakeFiles/CMakeTmp/CheckSymbolExists.c
/Users/kalomidin/Desktop/raft_example/raft_example/target/rls/debug/build/grpcio-sys-083b3737ce90077a/out/build/CMakeFiles/CMakeTmp/CheckSymbolExists.c:27:19: error: use of undeclared identifier 'getservbyport_r'; did you mean 'getservbyport'?
  return ((int*)(&getservbyport_r))[argc];
                  ^~~~~~~~~~~~~~~
                  getservbyport
/Library/Developer/CommandLineTools/SDKs/MacOSX10.15.sdk/usr/include/netdb.h:287:17: note: 'getservbyport' declared here
struct servent  *getservbyport(int, const char *);
                 ^
1 error generated.
make[1]: *** [CMakeFiles/cmTC_92e69.dir/CheckSymbolExists.c.o] Error 1
make: *** [cmTC_92e69/fast] Error 2


File /Users/kalomidin/Desktop/raft_example/raft_example/target/rls/debug/build/grpcio-sys-083b3737ce90077a/out/build/CMakeFiles/CMakeTmp/CheckSymbolExists.c:
/* */
#include <stdbool.h>
#include <sys/types.h>
#include <arpa/inet.h>
#include <arpa/nameser.h>
#include <netdb.h>
#include <net/if.h>
#include <netinet/in.h>
#include <netinet/tcp.h>
#include <signal.h>
#include <stdlib.h>
#include <string.h>
#include <strings.h>
#include <sys/ioctl.h>
#include <sys/select.h>
#include <sys/socket.h>
#include <sys/time.h>
#include <sys/uio.h>
#include <time.h>
#include <fcntl.h>
#include <unistd.h>

int main(int argc, char** argv)
{
  (void)argv;
#ifndef getservbyport_r
  return ((int*)(&getservbyport_r))[argc];
#else
  (void)argc;
  return 0;
#endif
}
Determining if the ioctlsocket exist failed with the following output:
Change Dir: /Users/kalomidin/Desktop/raft_example/raft_example/target/rls/debug/build/grpcio-sys-083b3737ce90077a/out/build/CMakeFiles/CMakeTmp

Run Build Command(s):/usr/bin/make cmTC_3c9be/fast && /Library/Developer/CommandLineTools/usr/bin/make -f CMakeFiles/cmTC_3c9be.dir/build.make CMakeFiles/cmTC_3c9be.dir/build
Building C object CMakeFiles/cmTC_3c9be.dir/CheckSymbolExists.c.o
/usr/bin/cc -D_DARWIN_C_SOURCE  -ffunction-sections -fdata-sections -fPIC -m64  -isysroot /Library/Developer/CommandLineTools/SDKs/MacOSX10.15.sdk -fPIE   -o CMakeFiles/cmTC_3c9be.dir/CheckSymbolExists.c.o   -c /Users/kalomidin/Desktop/raft_example/raft_example/target/rls/debug/build/grpcio-sys-083b3737ce90077a/out/build/CMakeFiles/CMakeTmp/CheckSymbolExists.c
/Users/kalomidin/Desktop/raft_example/raft_example/target/rls/debug/build/grpcio-sys-083b3737ce90077a/out/build/CMakeFiles/CMakeTmp/CheckSymbolExists.c:27:19: error: use of undeclared identifier 'ioctlsocket'
  return ((int*)(&ioctlsocket))[argc];
                  ^
1 error generated.
make[1]: *** [CMakeFiles/cmTC_3c9be.dir/CheckSymbolExists.c.o] Error 1
make: *** [cmTC_3c9be/fast] Error 2


File /Users/kalomidin/Desktop/raft_example/raft_example/target/rls/debug/build/grpcio-sys-083b3737ce90077a/out/build/CMakeFiles/CMakeTmp/CheckSymbolExists.c:
/* */
#include <stdbool.h>
#include <sys/types.h>
#include <arpa/inet.h>
#include <arpa/nameser.h>
#include <netdb.h>
#include <net/if.h>
#include <netinet/in.h>
#include <netinet/tcp.h>
#include <signal.h>
#include <stdlib.h>
#include <string.h>
#include <strings.h>
#include <sys/ioctl.h>
#include <sys/select.h>
#include <sys/socket.h>
#include <sys/time.h>
#include <sys/uio.h>
#include <time.h>
#include <fcntl.h>
#include <unistd.h>

int main(int argc, char** argv)
{
  (void)argv;
#ifndef ioctlsocket
  return ((int*)(&ioctlsocket))[argc];
#else
  (void)argc;
  return 0;
#endif
}
Determining if the IoctlSocket exist failed with the following output:
Change Dir: /Users/kalomidin/Desktop/raft_example/raft_example/target/rls/debug/build/grpcio-sys-083b3737ce90077a/out/build/CMakeFiles/CMakeTmp

Run Build Command(s):/usr/bin/make cmTC_fee68/fast && /Library/Developer/CommandLineTools/usr/bin/make -f CMakeFiles/cmTC_fee68.dir/build.make CMakeFiles/cmTC_fee68.dir/build
Building C object CMakeFiles/cmTC_fee68.dir/CheckSymbolExists.c.o
/usr/bin/cc -D_DARWIN_C_SOURCE  -ffunction-sections -fdata-sections -fPIC -m64  -isysroot /Library/Developer/CommandLineTools/SDKs/MacOSX10.15.sdk -fPIE   -o CMakeFiles/cmTC_fee68.dir/CheckSymbolExists.c.o   -c /Users/kalomidin/Desktop/raft_example/raft_example/target/rls/debug/build/grpcio-sys-083b3737ce90077a/out/build/CMakeFiles/CMakeTmp/CheckSymbolExists.c
/Users/kalomidin/Desktop/raft_example/raft_example/target/rls/debug/build/grpcio-sys-083b3737ce90077a/out/build/CMakeFiles/CMakeTmp/CheckSymbolExists.c:27:19: error: use of undeclared identifier 'IoctlSocket'
  return ((int*)(&IoctlSocket))[argc];
                  ^
1 error generated.
make[1]: *** [CMakeFiles/cmTC_fee68.dir/CheckSymbolExists.c.o] Error 1
make: *** [cmTC_fee68/fast] Error 2


File /Users/kalomidin/Desktop/raft_example/raft_example/target/rls/debug/build/grpcio-sys-083b3737ce90077a/out/build/CMakeFiles/CMakeTmp/CheckSymbolExists.c:
/* */
#include <stdbool.h>
#include <sys/types.h>
#include <arpa/inet.h>
#include <arpa/nameser.h>
#include <netdb.h>
#include <net/if.h>
#include <netinet/in.h>
#include <netinet/tcp.h>
#include <signal.h>
#include <stdlib.h>
#include <string.h>
#include <strings.h>
#include <sys/ioctl.h>
#include <sys/select.h>
#include <sys/socket.h>
#include <sys/time.h>
#include <sys/uio.h>
#include <time.h>
#include <fcntl.h>
#include <unistd.h>

int main(int argc, char** argv)
{
  (void)argv;
#ifndef IoctlSocket
  return ((int*)(&IoctlSocket))[argc];
#else
  (void)argc;
  return 0;
#endif
}
Determining if the strcmpi exist failed with the following output:
Change Dir: /Users/kalomidin/Desktop/raft_example/raft_example/target/rls/debug/build/grpcio-sys-083b3737ce90077a/out/build/CMakeFiles/CMakeTmp

Run Build Command(s):/usr/bin/make cmTC_1ecec/fast && /Library/Developer/CommandLineTools/usr/bin/make -f CMakeFiles/cmTC_1ecec.dir/build.make CMakeFiles/cmTC_1ecec.dir/build
Building C object CMakeFiles/cmTC_1ecec.dir/CheckSymbolExists.c.o
/usr/bin/cc -D_DARWIN_C_SOURCE  -ffunction-sections -fdata-sections -fPIC -m64  -isysroot /Library/Developer/CommandLineTools/SDKs/MacOSX10.15.sdk -fPIE   -o CMakeFiles/cmTC_1ecec.dir/CheckSymbolExists.c.o   -c /Users/kalomidin/Desktop/raft_example/raft_example/target/rls/debug/build/grpcio-sys-083b3737ce90077a/out/build/CMakeFiles/CMakeTmp/CheckSymbolExists.c
/Users/kalomidin/Desktop/raft_example/raft_example/target/rls/debug/build/grpcio-sys-083b3737ce90077a/out/build/CMakeFiles/CMakeTmp/CheckSymbolExists.c:27:19: error: use of undeclared identifier 'strcmpi'; did you mean 'strcmp'?
  return ((int*)(&strcmpi))[argc];
                  ^~~~~~~
                  strcmp
/Library/Developer/CommandLineTools/SDKs/MacOSX10.15.sdk/usr/include/string.h:77:6: note: 'strcmp' declared here
int      strcmp(const char *__s1, const char *__s2);
         ^
1 error generated.
make[1]: *** [CMakeFiles/cmTC_1ecec.dir/CheckSymbolExists.c.o] Error 1
make: *** [cmTC_1ecec/fast] Error 2


File /Users/kalomidin/Desktop/raft_example/raft_example/target/rls/debug/build/grpcio-sys-083b3737ce90077a/out/build/CMakeFiles/CMakeTmp/CheckSymbolExists.c:
/* */
#include <stdbool.h>
#include <sys/types.h>
#include <arpa/inet.h>
#include <arpa/nameser.h>
#include <netdb.h>
#include <net/if.h>
#include <netinet/in.h>
#include <netinet/tcp.h>
#include <signal.h>
#include <stdlib.h>
#include <string.h>
#include <strings.h>
#include <sys/ioctl.h>
#include <sys/select.h>
#include <sys/socket.h>
#include <sys/time.h>
#include <sys/uio.h>
#include <time.h>
#include <fcntl.h>
#include <unistd.h>

int main(int argc, char** argv)
{
  (void)argv;
#ifndef strcmpi
  return ((int*)(&strcmpi))[argc];
#else
  (void)argc;
  return 0;
#endif
}
Determining if the stricmp exist failed with the following output:
Change Dir: /Users/kalomidin/Desktop/raft_example/raft_example/target/rls/debug/build/grpcio-sys-083b3737ce90077a/out/build/CMakeFiles/CMakeTmp

Run Build Command(s):/usr/bin/make cmTC_99c40/fast && /Library/Developer/CommandLineTools/usr/bin/make -f CMakeFiles/cmTC_99c40.dir/build.make CMakeFiles/cmTC_99c40.dir/build
Building C object CMakeFiles/cmTC_99c40.dir/CheckSymbolExists.c.o
/usr/bin/cc -D_DARWIN_C_SOURCE  -ffunction-sections -fdata-sections -fPIC -m64  -isysroot /Library/Developer/CommandLineTools/SDKs/MacOSX10.15.sdk -fPIE   -o CMakeFiles/cmTC_99c40.dir/CheckSymbolExists.c.o   -c /Users/kalomidin/Desktop/raft_example/raft_example/target/rls/debug/build/grpcio-sys-083b3737ce90077a/out/build/CMakeFiles/CMakeTmp/CheckSymbolExists.c
/Users/kalomidin/Desktop/raft_example/raft_example/target/rls/debug/build/grpcio-sys-083b3737ce90077a/out/build/CMakeFiles/CMakeTmp/CheckSymbolExists.c:27:19: error: use of undeclared identifier 'stricmp'
  return ((int*)(&stricmp))[argc];
                  ^
1 error generated.
make[1]: *** [CMakeFiles/cmTC_99c40.dir/CheckSymbolExists.c.o] Error 1
make: *** [cmTC_99c40/fast] Error 2


File /Users/kalomidin/Desktop/raft_example/raft_example/target/rls/debug/build/grpcio-sys-083b3737ce90077a/out/build/CMakeFiles/CMakeTmp/CheckSymbolExists.c:
/* */
#include <stdbool.h>
#include <sys/types.h>
#include <arpa/inet.h>
#include <arpa/nameser.h>
#include <netdb.h>
#include <net/if.h>
#include <netinet/in.h>
#include <netinet/tcp.h>
#include <signal.h>
#include <stdlib.h>
#include <string.h>
#include <strings.h>
#include <sys/ioctl.h>
#include <sys/select.h>
#include <sys/socket.h>
#include <sys/time.h>
#include <sys/uio.h>
#include <time.h>
#include <fcntl.h>
#include <unistd.h>

int main(int argc, char** argv)
{
  (void)argv;
#ifndef stricmp
  return ((int*)(&stricmp))[argc];
#else
  (void)argc;
  return 0;
#endif
}
Determining if the strncmpi exist failed with the following output:
Change Dir: /Users/kalomidin/Desktop/raft_example/raft_example/target/rls/debug/build/grpcio-sys-083b3737ce90077a/out/build/CMakeFiles/CMakeTmp

Run Build Command(s):/usr/bin/make cmTC_4056f/fast && /Library/Developer/CommandLineTools/usr/bin/make -f CMakeFiles/cmTC_4056f.dir/build.make CMakeFiles/cmTC_4056f.dir/build
Building C object CMakeFiles/cmTC_4056f.dir/CheckSymbolExists.c.o
/usr/bin/cc -D_DARWIN_C_SOURCE  -ffunction-sections -fdata-sections -fPIC -m64  -isysroot /Library/Developer/CommandLineTools/SDKs/MacOSX10.15.sdk -fPIE   -o CMakeFiles/cmTC_4056f.dir/CheckSymbolExists.c.o   -c /Users/kalomidin/Desktop/raft_example/raft_example/target/rls/debug/build/grpcio-sys-083b3737ce90077a/out/build/CMakeFiles/CMakeTmp/CheckSymbolExists.c
/Users/kalomidin/Desktop/raft_example/raft_example/target/rls/debug/build/grpcio-sys-083b3737ce90077a/out/build/CMakeFiles/CMakeTmp/CheckSymbolExists.c:27:19: error: use of undeclared identifier 'strncmpi'; did you mean 'strncmp'?
  return ((int*)(&strncmpi))[argc];
                  ^~~~~~~~
                  strncmp
/Library/Developer/CommandLineTools/SDKs/MacOSX10.15.sdk/usr/include/string.h:84:6: note: 'strncmp' declared here
int      strncmp(const char *__s1, const char *__s2, size_t __n);
         ^
1 error generated.
make[1]: *** [CMakeFiles/cmTC_4056f.dir/CheckSymbolExists.c.o] Error 1
make: *** [cmTC_4056f/fast] Error 2


File /Users/kalomidin/Desktop/raft_example/raft_example/target/rls/debug/build/grpcio-sys-083b3737ce90077a/out/build/CMakeFiles/CMakeTmp/CheckSymbolExists.c:
/* */
#include <stdbool.h>
#include <sys/types.h>
#include <arpa/inet.h>
#include <arpa/nameser.h>
#include <netdb.h>
#include <net/if.h>
#include <netinet/in.h>
#include <netinet/tcp.h>
#include <signal.h>
#include <stdlib.h>
#include <string.h>
#include <strings.h>
#include <sys/ioctl.h>
#include <sys/select.h>
#include <sys/socket.h>
#include <sys/time.h>
#include <sys/uio.h>
#include <time.h>
#include <fcntl.h>
#include <unistd.h>

int main(int argc, char** argv)
{
  (void)argv;
#ifndef strncmpi
  return ((int*)(&strncmpi))[argc];
#else
  (void)argc;
  return 0;
#endif
}
Determining if the strnicmp exist failed with the following output:
Change Dir: /Users/kalomidin/Desktop/raft_example/raft_example/target/rls/debug/build/grpcio-sys-083b3737ce90077a/out/build/CMakeFiles/CMakeTmp

Run Build Command(s):/usr/bin/make cmTC_38283/fast && /Library/Developer/CommandLineTools/usr/bin/make -f CMakeFiles/cmTC_38283.dir/build.make CMakeFiles/cmTC_38283.dir/build
Building C object CMakeFiles/cmTC_38283.dir/CheckSymbolExists.c.o
/usr/bin/cc -D_DARWIN_C_SOURCE  -ffunction-sections -fdata-sections -fPIC -m64  -isysroot /Library/Developer/CommandLineTools/SDKs/MacOSX10.15.sdk -fPIE   -o CMakeFiles/cmTC_38283.dir/CheckSymbolExists.c.o   -c /Users/kalomidin/Desktop/raft_example/raft_example/target/rls/debug/build/grpcio-sys-083b3737ce90077a/out/build/CMakeFiles/CMakeTmp/CheckSymbolExists.c
/Users/kalomidin/Desktop/raft_example/raft_example/target/rls/debug/build/grpcio-sys-083b3737ce90077a/out/build/CMakeFiles/CMakeTmp/CheckSymbolExists.c:27:19: error: use of undeclared identifier 'strnicmp'; did you mean 'strncmp'?
  return ((int*)(&strnicmp))[argc];
                  ^~~~~~~~
                  strncmp
/Library/Developer/CommandLineTools/SDKs/MacOSX10.15.sdk/usr/include/string.h:84:6: note: 'strncmp' declared here
int      strncmp(const char *__s1, const char *__s2, size_t __n);
         ^
1 error generated.
make[1]: *** [CMakeFiles/cmTC_38283.dir/CheckSymbolExists.c.o] Error 1
make: *** [cmTC_38283/fast] Error 2


File /Users/kalomidin/Desktop/raft_example/raft_example/target/rls/debug/build/grpcio-sys-083b3737ce90077a/out/build/CMakeFiles/CMakeTmp/CheckSymbolExists.c:
/* */
#include <stdbool.h>
#include <sys/types.h>
#include <arpa/inet.h>
#include <arpa/nameser.h>
#include <netdb.h>
#include <net/if.h>
#include <netinet/in.h>
#include <netinet/tcp.h>
#include <signal.h>
#include <stdlib.h>
#include <string.h>
#include <strings.h>
#include <sys/ioctl.h>
#include <sys/select.h>
#include <sys/socket.h>
#include <sys/time.h>
#include <sys/uio.h>
#include <time.h>
#include <fcntl.h>
#include <unistd.h>

int main(int argc, char** argv)
{
  (void)argv;
#ifndef strnicmp
  return ((int*)(&strnicmp))[argc];
#else
  (void)argc;
  return 0;
#endif
}
Checking whether the ASM compiler is GNU using "--version" did not match "(GNU assembler)|(GCC)|(Free Software Foundation)":
Apple clang version 11.0.0 (clang-1100.0.33.16)
Target: x86_64-apple-darwin19.2.0
Thread model: posix
InstalledDir: /Library/Developer/CommandLineTools/usr/bin
